  [1m[35m (139.4ms)[0m  [1m[35mCREATE DATABASE "library_app_development" ENCODING = 'unicode'[0m
  ↳ bin/rails:9
  [1m[35m (63.9ms)[0m  [1m[35mCREATE DATABASE "library_app_test" ENCODING = 'unicode'[0m
  ↳ bin/rails:9
  [1m[35m (24.8ms)[0m  [1m[35mCREATE TABLE "schema_migrations" ("version" character varying NOT NULL PRIMARY KEY)[0m
  ↳ bin/rails:9
  [1m[35m (4.6ms)[0m  [1m[35mCREATE TABLE "ar_internal_metadata" ("key" character varying NOT NULL PRIMARY KEY, "value" character varying, "created_at" timestamp NOT NULL, "updated_at" timestamp NOT NULL)[0m
  ↳ bin/rails:9
  [1m[35m (0.3ms)[0m  [1m[34mSELECT pg_try_advisory_lock(3538046867491091655)[0m
  ↳ bin/rails:9
  [1m[35m (0.4ms)[0m  [1m[34mSELECT "schema_migrations"."version" FROM "schema_migrations" ORDER BY "schema_migrations"."version" ASC[0m
  ↳ bin/rails:9
Migrating to CreateBooks (20200804180031)
  [1m[35m (0.1ms)[0m  [1m[35mBEGIN[0m
  ↳ bin/rails:9
  [1m[35m (6.4ms)[0m  [1m[35mCREATE TABLE "books" ("id" bigserial primary key, "title" character varying, "author" character varying, "check_out_date" character varying, "created_at" timestamp NOT NULL, "updated_at" timestamp NOT NULL)[0m
  ↳ db/migrate/20200804180031_create_books.rb:3
  [1m[36mActiveRecord::SchemaMigration Create (0.3ms)[0m  [1m[32mINSERT INTO "schema_migrations" ("version") VALUES ($1) RETURNING "version"[0m  [["version", "20200804180031"]]
  ↳ bin/rails:9
  [1m[35m (0.5ms)[0m  [1m[35mCOMMIT[0m
  ↳ bin/rails:9
  [1m[36mActiveRecord::InternalMetadata Load (0.4ms)[0m  [1m[34mSELECT  "ar_internal_metadata".* FROM "ar_internal_metadata" WHERE "ar_internal_metadata"."key" = $1 LIMIT $2[0m  [["key", "environment"], ["LIMIT", 1]]
  ↳ bin/rails:9
  [1m[35m (0.1ms)[0m  [1m[35mBEGIN[0m
  ↳ bin/rails:9
  [1m[36mActiveRecord::InternalMetadata Create (0.4ms)[0m  [1m[32mINSERT INTO "ar_internal_metadata" ("key", "value", "created_at", "updated_at") VALUES ($1, $2, $3, $4) RETURNING "key"[0m  [["key", "environment"], ["value", "development"], ["created_at", "2020-08-04 18:00:37.046865"], ["updated_at", "2020-08-04 18:00:37.046865"]]
  ↳ bin/rails:9
  [1m[35m (0.3ms)[0m  [1m[35mCOMMIT[0m
  ↳ bin/rails:9
  [1m[35m (0.1ms)[0m  [1m[34mSELECT pg_advisory_unlock(3538046867491091655)[0m
  ↳ bin/rails:9
  [1m[35m (0.2ms)[0m  [1m[34mSELECT "schema_migrations"."version" FROM "schema_migrations" ORDER BY "schema_migrations"."version" ASC[0m
  ↳ bin/rails:9
Started GET "/" for ::1 at 2020-08-04 11:01:42 -0700
  [1m[35m (0.5ms)[0m  [1m[34mSELECT "schema_migrations"."version" FROM "schema_migrations" ORDER BY "schema_migrations"."version" ASC[0m
  ↳ /Users/rachaelstanislaw/.rvm/gems/ruby-2.6.3/gems/activerecord-5.2.4.3/lib/active_record/log_subscriber.rb:98
Processing by Rails::WelcomeController#index as HTML
  Rendering /Users/rachaelstanislaw/.rvm/gems/ruby-2.6.3/gems/railties-5.2.4.3/lib/rails/templates/rails/welcome/index.html.erb
  Rendered /Users/rachaelstanislaw/.rvm/gems/ruby-2.6.3/gems/railties-5.2.4.3/lib/rails/templates/rails/welcome/index.html.erb (3.8ms)
Completed 200 OK in 15ms (Views: 10.4ms | ActiveRecord: 0.0ms)


Started GET "/model_book/new" for ::1 at 2020-08-04 11:09:18 -0700
  [1m[35m (0.4ms)[0m  [1m[34mSELECT "schema_migrations"."version" FROM "schema_migrations" ORDER BY "schema_migrations"."version" ASC[0m
  ↳ /Users/rachaelstanislaw/.rvm/gems/ruby-2.6.3/gems/activerecord-5.2.4.3/lib/active_record/log_subscriber.rb:98
Processing by ModelBookController#new as HTML
  Rendering model_book/new.html.erb within layouts/application
  Rendered model_book/new.html.erb within layouts/application (2.2ms)
Completed 200 OK in 826ms (Views: 819.8ms | ActiveRecord: 0.0ms)


Started POST "/model_book" for ::1 at 2020-08-04 11:09:41 -0700
Processing by ModelBookController#create as HTML
  Parameters: {"utf8"=>"✓", "authenticity_token"=>"JX4AqDDNBeMxb/BQPoPFPKcDofSzMnOblLDk5QBignYdLh9iY7EBhyNOp8r8TOYzvUt/M5QXjUN2YoyuzyJe2A==", "book"=>{"title"=>"oh the places", "author"=>"dr suess", "check_out_date"=>"03/04/2020"}}
  [1m[35m (0.2ms)[0m  [1m[35mBEGIN[0m
  ↳ app/controllers/model_book_controller.rb:6
  [1m[36mBook Create (4.4ms)[0m  [1m[32mINSERT INTO "books" ("title", "author", "check_out_date", "created_at", "updated_at") VALUES ($1, $2, $3, $4, $5) RETURNING "id"[0m  [["title", "oh the places"], ["author", "dr suess"], ["check_out_date", "03/04/2020"], ["created_at", "2020-08-04 18:09:41.487428"], ["updated_at", "2020-08-04 18:09:41.487428"]]
  ↳ app/controllers/model_book_controller.rb:6
  [1m[35m (0.4ms)[0m  [1m[35mCOMMIT[0m
  ↳ app/controllers/model_book_controller.rb:6
Completed 500 Internal Server Error in 50ms (ActiveRecord: 12.1ms)


  
ActionView::MissingTemplate (Missing template model_book/index.html.erb, application/index.html.erb with {:locale=>[:en], :formats=>[:html], :variants=>[], :handlers=>[:raw, :erb, :html, :builder, :ruby, :coffee, :jbuilder]}. Searched in:
  * "/Users/rachaelstanislaw/Desktop/library_app/app/views"
):
  
app/controllers/model_book_controller.rb:8:in `create'
Started POST "/model_book" for ::1 at 2020-08-04 11:10:23 -0700
Processing by ModelBookController#create as HTML
  Parameters: {"utf8"=>"✓", "authenticity_token"=>"JX4AqDDNBeMxb/BQPoPFPKcDofSzMnOblLDk5QBignYdLh9iY7EBhyNOp8r8TOYzvUt/M5QXjUN2YoyuzyJe2A==", "book"=>{"title"=>"oh the places", "author"=>"dr suess", "check_out_date"=>"03/04/2020"}}
  [1m[35m (0.2ms)[0m  [1m[35mBEGIN[0m
  ↳ app/controllers/model_book_controller.rb:6
  [1m[36mBook Create (0.2ms)[0m  [1m[32mINSERT INTO "books" ("title", "author", "check_out_date", "created_at", "updated_at") VALUES ($1, $2, $3, $4, $5) RETURNING "id"[0m  [["title", "oh the places"], ["author", "dr suess"], ["check_out_date", "03/04/2020"], ["created_at", "2020-08-04 18:10:23.803756"], ["updated_at", "2020-08-04 18:10:23.803756"]]
  ↳ app/controllers/model_book_controller.rb:6
  [1m[35m (0.3ms)[0m  [1m[35mCOMMIT[0m
  ↳ app/controllers/model_book_controller.rb:6
  Rendering model_book/index.html.erb within layouts/application
  Rendered model_book/index.html.erb within layouts/application (0.3ms)
Completed 200 OK in 29ms (Views: 17.4ms | ActiveRecord: 3.3ms)


Started POST "/model_book" for ::1 at 2020-08-04 11:11:21 -0700
Processing by ModelBookController#create as HTML
  Parameters: {"utf8"=>"✓", "authenticity_token"=>"JX4AqDDNBeMxb/BQPoPFPKcDofSzMnOblLDk5QBignYdLh9iY7EBhyNOp8r8TOYzvUt/M5QXjUN2YoyuzyJe2A==", "book"=>{"title"=>"oh the places", "author"=>"dr suess", "check_out_date"=>"03/04/2020"}}
  [1m[35m (0.2ms)[0m  [1m[35mBEGIN[0m
  ↳ app/controllers/model_book_controller.rb:6
  [1m[36mBook Create (0.7ms)[0m  [1m[32mINSERT INTO "books" ("title", "author", "check_out_date", "created_at", "updated_at") VALUES ($1, $2, $3, $4, $5) RETURNING "id"[0m  [["title", "oh the places"], ["author", "dr suess"], ["check_out_date", "03/04/2020"], ["created_at", "2020-08-04 18:11:21.546028"], ["updated_at", "2020-08-04 18:11:21.546028"]]
  ↳ app/controllers/model_book_controller.rb:6
  [1m[35m (0.4ms)[0m  [1m[35mCOMMIT[0m
  ↳ app/controllers/model_book_controller.rb:6
  Rendering model_book/index.html.erb within layouts/application
  Rendered model_book/index.html.erb within layouts/application (0.5ms)
Completed 200 OK in 28ms (Views: 22.6ms | ActiveRecord: 1.2ms)


  [1m[36mBook Load (0.4ms)[0m  [1m[34mSELECT  "books".* FROM "books" LIMIT $1[0m  [["LIMIT", 11]]
Started GET "/" for ::1 at 2020-08-04 14:12:28 -0700
  [1m[35m (0.5ms)[0m  [1m[34mSELECT "schema_migrations"."version" FROM "schema_migrations" ORDER BY "schema_migrations"."version" ASC[0m
  ↳ /Users/rachaelstanislaw/.rvm/gems/ruby-2.6.3/gems/activerecord-5.2.4.3/lib/active_record/log_subscriber.rb:98
Processing by Rails::WelcomeController#index as HTML
  Rendering /Users/rachaelstanislaw/.rvm/gems/ruby-2.6.3/gems/railties-5.2.4.3/lib/rails/templates/rails/welcome/index.html.erb
  Rendered /Users/rachaelstanislaw/.rvm/gems/ruby-2.6.3/gems/railties-5.2.4.3/lib/rails/templates/rails/welcome/index.html.erb (3.3ms)
Completed 200 OK in 14ms (Views: 6.5ms | ActiveRecord: 0.0ms)


Started GET "/model_book/new" for ::1 at 2020-08-04 14:12:37 -0700
Processing by ModelBookController#new as HTML
  Rendering model_book/new.html.erb within layouts/application
  Rendered model_book/new.html.erb within layouts/application (1.1ms)
Completed 200 OK in 255ms (Views: 252.7ms | ActiveRecord: 0.0ms)


Started POST "/model_book" for ::1 at 2020-08-04 14:20:47 -0700
Processing by ModelBookController#create as HTML
  Parameters: {"utf8"=>"✓", "authenticity_token"=>"YwH4vu+4RBJRakkGVd98f9TLe1KU4+n+cpQ8xSnPtuBbUed0vMRAdkNLHpyXEF9wzoOllbPGFyaQRlSO5o9qTg==", "book"=>{"title"=>"oh the places", "author"=>"dr suess", "check_out_date"=>"8/4/2020"}}
  [1m[35m (0.1ms)[0m  [1m[35mBEGIN[0m
  ↳ app/controllers/model_book_controller.rb:7
  [1m[36mBook Create (1.9ms)[0m  [1m[32mINSERT INTO "books" ("title", "author", "check_out_date", "created_at", "updated_at") VALUES ($1, $2, $3, $4, $5) RETURNING "id"[0m  [["title", "oh the places"], ["author", "dr suess"], ["check_out_date", "8/4/2020"], ["created_at", "2020-08-04 21:20:47.866120"], ["updated_at", "2020-08-04 21:20:47.866120"]]
  ↳ app/controllers/model_book_controller.rb:7
  [1m[35m (0.8ms)[0m  [1m[35mCOMMIT[0m
  ↳ app/controllers/model_book_controller.rb:7
  Rendering model_book/index.html.erb within layouts/application
  Rendered model_book/index.html.erb within layouts/application (0.6ms)
Completed 200 OK in 106ms (Views: 25.1ms | ActiveRecord: 66.7ms)


  [1m[36mBook Load (0.7ms)[0m  [1m[34mSELECT  "books".* FROM "books" LIMIT $1[0m  [["LIMIT", 11]]
